<?xml version="1.0" encoding="UTF-8"?>
<testsuite name="DiabetesAssessmentTests" tests="4" skipped="0" failures="0" errors="0" timestamp="2021-07-12T14:05:37" hostname="DESKTOP-NQCJ011" time="0.008">
  <properties/>
  <testcase name="getDiabetesReportWithNoneAssessmentTest()" classname="DiabetesAssessmentTests" time="0.004"/>
  <testcase name="getDiabetesReportWithBorderlineAssessmentTest()" classname="DiabetesAssessmentTests" time="0.001"/>
  <testcase name="getDiabetesReportWithEarlyOnsetAssessmentTest()" classname="DiabetesAssessmentTests" time="0.001"/>
  <testcase name="getDiabetesReportWithInDangerAssessmentTest()" classname="DiabetesAssessmentTests" time="0.001"/>
  <system-out><![CDATA[]]></system-out>
  <system-err><![CDATA[]]></system-err>
</testsuite>
