<?xml version="1.0" encoding="UTF-8"?>
<testsuite name="webController.HomeWebControllerTests" tests="1" skipped="0" failures="0" errors="0" timestamp="2021-07-12T14:05:42" hostname="DESKTOP-NQCJ011" time="0.007">
  <properties/>
  <testcase name="homeTest()" classname="webController.HomeWebControllerTests" time="0.007"/>
  <system-out><![CDATA[2021-07-12 16:05:41.403  INFO 9748 --- [    Test worker] o.s.t.c.support.AbstractContextLoader    : Could not detect default resource locations for test class [webController.HomeWebControllerTests]: no resource found for suffixes {-context.xml, Context.groovy}.
2021-07-12 16:05:41.407  INFO 9748 --- [    Test worker] .b.t.a.w.s.WebMvcTestContextBootstrapper : Loaded default TestExecutionListener class names from location [META-INF/spring.factories]: [org.springframework.boot.test.autoconfigure.restdocs.RestDocsTestExecutionListener, org.springframework.boot.test.autoconfigure.web.client.MockRestServiceServerResetTestExecutionListener, org.springframework.boot.test.autoconfigure.web.servlet.MockMvcPrintOnlyOnFailureTestExecutionListener, org.springframework.boot.test.autoconfigure.web.servlet.WebDriverTestExecutionListener, org.springframework.boot.test.autoconfigure.webservices.client.MockWebServiceServerTestExecutionListener, org.springframework.boot.test.mock.mockito.MockitoTestExecutionListener, org.springframework.boot.test.mock.mockito.ResetMocksTestExecutionListener, org.springframework.test.context.web.ServletTestExecutionListener, org.springframework.test.context.support.DirtiesContextBeforeModesTestExecutionListener, org.springframework.test.context.event.ApplicationEventsTestExecutionListener, org.springframework.test.context.support.DependencyInjectionTestExecutionListener, org.springframework.test.context.support.DirtiesContextTestExecutionListener, org.springframework.test.context.transaction.TransactionalTestExecutionListener, org.springframework.test.context.jdbc.SqlScriptsTestExecutionListener, org.springframework.test.context.event.EventPublishingTestExecutionListener]
2021-07-12 16:05:41.409  INFO 9748 --- [    Test worker] .b.t.a.w.s.WebMvcTestContextBootstrapper : Using TestExecutionListeners: [org.springframework.test.context.web.ServletTestExecutionListener@54439ece, org.springframework.test.context.support.DirtiesContextBeforeModesTestExecutionListener@229e64f9, org.springframework.test.context.event.ApplicationEventsTestExecutionListener@35581fcf, org.springframework.boot.test.mock.mockito.MockitoTestExecutionListener@ef6ea5d, org.springframework.boot.test.autoconfigure.SpringBootDependencyInjectionTestExecutionListener@468ba0a3, org.springframework.test.context.support.DirtiesContextTestExecutionListener@17e3bd27, org.springframework.test.context.event.EventPublishingTestExecutionListener@62306e73, org.springframework.boot.test.autoconfigure.restdocs.RestDocsTestExecutionListener@5badd46a, org.springframework.boot.test.autoconfigure.web.client.MockRestServiceServerResetTestExecutionListener@4038f904, org.springframework.boot.test.autoconfigure.web.servlet.MockMvcPrintOnlyOnFailureTestExecutionListener@4ab86ea1, org.springframework.boot.test.autoconfigure.web.servlet.WebDriverTestExecutionListener@2b9ad273, org.springframework.boot.test.autoconfigure.webservices.client.MockWebServiceServerTestExecutionListener@1e215dee, org.springframework.boot.test.mock.mockito.ResetMocksTestExecutionListener@19d667f7]

  .   ____          _            __ _ _
 /\\ / ___'_ __ _ _(_)_ __  __ _ \ \ \ \
( ( )\___ | '_ | '_| | '_ \/ _` | \ \ \ \
 \\/  ___)| |_)| | | | | || (_| |  ) ) ) )
  '  |____| .__|_| |_|_| |_\__, | / / / /
 =========|_|==============|___/=/_/_/_/
 :: Spring Boot ::                (v2.4.5)

2021-07-12 16:05:41.604  INFO 9748 --- [    Test worker] webController.HomeWebControllerTests     : Starting HomeWebControllerTests using Java 1.8.0_265 on DESKTOP-NQCJ011 with PID 9748 (started by adrie in C:\Users\adrie\Desktop\OC-Projet\Projet9_MediscreenDiabetes)
2021-07-12 16:05:41.605  INFO 9748 --- [    Test worker] webController.HomeWebControllerTests     : No active profile set, falling back to default profiles: default
2021-07-12 16:05:42.336  INFO 9748 --- [    Test worker] o.s.s.concurrent.ThreadPoolTaskExecutor  : Initializing ExecutorService 'applicationTaskExecutor'
2021-07-12 16:05:42.494  INFO 9748 --- [    Test worker] o.s.b.t.m.w.SpringBootMockServletContext : Initializing Spring TestDispatcherServlet ''
2021-07-12 16:05:42.495  INFO 9748 --- [    Test worker] o.s.t.web.servlet.TestDispatcherServlet  : Initializing Servlet ''
2021-07-12 16:05:42.495  INFO 9748 --- [    Test worker] o.s.t.web.servlet.TestDispatcherServlet  : Completed initialization in 0 ms
2021-07-12 16:05:42.520  INFO 9748 --- [    Test worker] webController.HomeWebControllerTests     : Started HomeWebControllerTests in 1.108 seconds (JVM running for 14.036)
]]></system-out>
  <system-err><![CDATA[]]></system-err>
</testsuite>
