<?xml version="1.0" encoding="UTF-8"?>
<testsuite name="AgeCalculatorTests" tests="1" skipped="0" failures="0" errors="0" timestamp="2021-07-12T14:05:37" hostname="DESKTOP-NQCJ011" time="0.0">
  <properties/>
  <testcase name="getAgeTest()" classname="AgeCalculatorTests" time="0.0"/>
  <system-out><![CDATA[]]></system-out>
  <system-err><![CDATA[]]></system-err>
</testsuite>
