<?xml version="1.0" encoding="UTF-8"?>
<testsuite name="PatientNoteReaderTest" tests="1" skipped="0" failures="0" errors="0" timestamp="2021-07-12T14:05:40" hostname="DESKTOP-NQCJ011" time="0.0">
  <properties/>
  <testcase name="NoteReaderTest()" classname="PatientNoteReaderTest" time="0.0"/>
  <system-out><![CDATA[[taille, poids]
]]></system-out>
  <system-err><![CDATA[]]></system-err>
</testsuite>
